2017-05-29 6:11:53 - MOD: Modification Default
FILE: system/engine/action.php
REGEX: ~(require|include)(_once)?\(([^)]+)~
LINE: 34
FILE: system/engine/loader.php
REGEX: ~(require|include)(_once)?\(([^)]+)~
LINE: 41
LINE: 92
LINE: 104
LINE: 142
FILE: system/library/config.php
REGEX: ~(require|include)(_once)?\(([^)]+)~
LINE: 23
FILE: system/library/language.php
REGEX: ~(require|include)(_once)?\(([^)]+)~
LINE: 35
LINE: 41
LINE: 47
FILE: system/library/template/basic.php
REGEX: ~(require|include)(_once)?\(([^)]+)~
LINE: 18
FILE: system/library/template/php.php
REGEX: ~(require|include)(_once)?\(([^)]+)~
LINE: 17
----------------------------------------------------------------
MOD: Modification Default
REGEX: ~(require|include)(_once)?\(([^)]+)~
LINE: 34
REGEX: ~(require|include)(_once)?\(([^)]+)~
LINE: 41
LINE: 92
LINE: 104
LINE: 142
REGEX: ~(require|include)(_once)?\(([^)]+)~
LINE: 23
REGEX: ~(require|include)(_once)?\(([^)]+)~
LINE: 35
LINE: 41
LINE: 47
----------------------------------------------------------------
MOD: <font color="#0000"><b>Add new position</font>
FILE: catalog/controller/common/header.php
CODE: $data['links'] = $this->document->getLinks();
LINE: 36
FILE: catalog/controller/common/cart.php
CODE: $data['text_empty'] = $this->language->get('text_empty');
LINE: 52
FILE: catalog/controller/common/footer.php
CODE: $data['newsletter'] = $this->url->link('account/newsletter', '', true);
LINE: 50
FILE: catalog/controller/product/compare.php
CODE: $data['button_cart'] = $this->language->get('button_cart');
LINE: 58
FILE: admin/view/template/design/layout_form.tpl
CODE: <td class="text-left"><select name="layout_module[<?php echo $module_row; ?>][position]" class="form-control">
LINE: 113
CODE: html += '    <option value="content_top"><?php echo $text_content_top; ?></option>';
LINE: 198
----------------------------------------------------------------
MOD: <font color="#0000"><b>Add Newsletter Menu</font>
FILE: admin/controller/common/menu.php
CODE: $this->load->language('common/menu');
LINE: 7
FILE: admin/language/de-DE/common/menu.php
CODE: $_['text_system']                      = 'System';
NOT FOUND!
FILE: admin/language/en-gb/common/menu.php
CODE: $_['text_system']                      = 'System';
LINE: 68
FILE: admin/language/english/common/menu.php
CODE: $_['text_system']                      = 'System';
LINE: 70
FILE: admin/controller/marketing/contact.php
CODE: case 'newsletter':
LINE: 127
FILE: admin/model/customer/customer.php
CODE: class ModelCustomerCustomer extends Model {
LINE: 8
FILE: admin/view/template/common/menu.tpl
CODE: <li><a href="<?php echo $custom_field; ?>"><?php echo $text_custom_field; ?></a></li>
LINE: 113
----------------------------------------------------------------
MOD: <font color="#0000"><b>Boss - Search autocomplete</font>
FILE: catalog/controller/common/search.php
CODE: return $this->load->view('common/search', $data);
LINE: 21
FILE: catalog/view/theme/bt_comohos/template/common/search.tpl
CODE: </div>
LINE: 37
FILE: catalog/view/theme/default/template/common/search.tpl
CODE: </div>
LINE: 37
----------------------------------------------------------------
MOD: <font color="#0000"><b>Boss Layout</font>
CODE: $data['layout'] = $this->url->link('design/layout', 'token=' . $this->session->data['token'], true);
LINE: 142
CODE: <li><a href="<?php echo $layout; ?>"><?php echo $text_layout; ?></a></li>
LINE: 85
----------------------------------------------------------------
MOD: <font color="#0000"><b>Boss Refine Search</font>
CODE: $this->load->language('common/menu');
LINE: 8
CODE: $_['text_system']                      = 'System';
NOT FOUND!
CODE: $_['text_system']                      = 'System';
LINE: 69
CODE: $_['text_system']                      = 'System';
LINE: 71
CODE: <li><a href="<?php echo $filter; ?>"><?php echo $text_filter; ?></a></li>
LINE: 10
----------------------------------------------------------------
MOD: <font color="#0000"><b>Creat All Layout</font>
FILE: admin/view/template/design/layout_list.tpl
CODE: <div class="pull-right"><a href="<?php echo $add; ?>" data-toggle="tooltip" title="<?php echo $button_add; ?>" class="btn btn-primary"><i class="fa fa-plus"></i></a>
LINE: 4
----------------------------------------------------------------
MOD: <font color="#0000"><b>Seo Boss Blog</font>
FILE: catalog/controller/startup/seo_url.php
CODE: if ($query->row['query'] && $url[0] != 'information_id' && $url[0] != 'manufacturer_id' && $url[0] != 'category_id' && $url[0] != 'product_id') {
LINE: 58
CODE: if ($url[0] == 'category_id') {
LINE: 30
CODE: if ($query->row['query'] && $url[0] != 'information_id' && $url[0] != 'manufacturer_id' && $url[0] != 'category_id' && $url[0] != 'product_id') {
LINE: 61
CODE: } elseif (isset($this->request->get['path'])) {
LINE: 76
CODE: $this->request->get['route'] = 'information/information';
LINE: 90
CODE: if (($data['route'] == 'product/product' && $key == 'product_id') || (($data['route'] == 'product/manufacturer/info' || $data['route'] == 'product/product') && $key == 'manufacturer_id') || ($data['route'] == 'information/information' && $key == 'information_id')) {
LINE: 111
CODE: $query = $this->db->query("SELECT * FROM " . DB_PREFIX . "url_alias WHERE `query` = 'category_id=" . (int)$category . "'");
LINE: 125
CODE: } elseif ($key == 'path') {
LINE: 121
----------------------------------------------------------------
MOD: Ajax Quick Checkout
FILE: catalog/controller/checkout/checkout.php
CODE: if (file_exists(DIR_TEMPLATE . $this->config->get('config_template') . '/template/checkout/checkout.tpl')) {
NOT FOUND!
CODE: $this->response->setOutput($this->load->view('checkout/checkout', $data));
LINE: 95
CODE: $data['header'] = $this->load->controller('common/header');
LINE: 98
FILE: system/library/cart/tax.php
CODE: final class Tax {
LINE: 8
FILE: system/library/tax.php
CODE: final class Tax {
LINE: 7
----------------------------------------------------------------
2017-05-29 6:28:48 - MOD: Modification Default
FILE: system/engine/action.php
REGEX: ~(require|include)(_once)?\(([^)]+)~
LINE: 34
FILE: system/engine/loader.php
REGEX: ~(require|include)(_once)?\(([^)]+)~
LINE: 41
LINE: 92
LINE: 104
LINE: 142
FILE: system/library/config.php
REGEX: ~(require|include)(_once)?\(([^)]+)~
LINE: 23
FILE: system/library/language.php
REGEX: ~(require|include)(_once)?\(([^)]+)~
LINE: 35
LINE: 41
LINE: 47
FILE: system/library/template/basic.php
REGEX: ~(require|include)(_once)?\(([^)]+)~
LINE: 18
FILE: system/library/template/php.php
REGEX: ~(require|include)(_once)?\(([^)]+)~
LINE: 17
----------------------------------------------------------------
MOD: Modification Default
REGEX: ~(require|include)(_once)?\(([^)]+)~
LINE: 34
REGEX: ~(require|include)(_once)?\(([^)]+)~
LINE: 41
LINE: 92
LINE: 104
LINE: 142
REGEX: ~(require|include)(_once)?\(([^)]+)~
LINE: 23
REGEX: ~(require|include)(_once)?\(([^)]+)~
LINE: 35
LINE: 41
LINE: 47
----------------------------------------------------------------
MOD: <font color="#0000"><b>Add new position</font>
FILE: catalog/controller/common/header.php
CODE: $data['links'] = $this->document->getLinks();
LINE: 36
FILE: catalog/controller/common/cart.php
CODE: $data['text_empty'] = $this->language->get('text_empty');
LINE: 52
FILE: catalog/controller/common/footer.php
CODE: $data['newsletter'] = $this->url->link('account/newsletter', '', true);
LINE: 50
FILE: catalog/controller/product/compare.php
CODE: $data['button_cart'] = $this->language->get('button_cart');
LINE: 58
FILE: admin/view/template/design/layout_form.tpl
CODE: <td class="text-left"><select name="layout_module[<?php echo $module_row; ?>][position]" class="form-control">
LINE: 113
CODE: html += '    <option value="content_top"><?php echo $text_content_top; ?></option>';
LINE: 198
----------------------------------------------------------------
MOD: <font color="#0000"><b>Add Newsletter Menu</font>
FILE: admin/controller/common/menu.php
CODE: $this->load->language('common/menu');
LINE: 7
FILE: admin/language/de-DE/common/menu.php
CODE: $_['text_system']                      = 'System';
NOT FOUND!
FILE: admin/language/en-gb/common/menu.php
CODE: $_['text_system']                      = 'System';
LINE: 68
FILE: admin/language/english/common/menu.php
CODE: $_['text_system']                      = 'System';
LINE: 70
FILE: admin/language/russian/common/menu.php
CODE: $_['text_system']                      = 'System';
NOT FOUND!
FILE: admin/controller/marketing/contact.php
CODE: case 'newsletter':
LINE: 127
FILE: admin/model/customer/customer.php
CODE: class ModelCustomerCustomer extends Model {
LINE: 8
FILE: admin/view/template/common/menu.tpl
CODE: <li><a href="<?php echo $custom_field; ?>"><?php echo $text_custom_field; ?></a></li>
LINE: 113
----------------------------------------------------------------
MOD: <font color="#0000"><b>Boss - Search autocomplete</font>
FILE: catalog/controller/common/search.php
CODE: return $this->load->view('common/search', $data);
LINE: 21
FILE: catalog/view/theme/bt_comohos/template/common/search.tpl
CODE: </div>
LINE: 37
FILE: catalog/view/theme/default/template/common/search.tpl
CODE: </div>
LINE: 37
----------------------------------------------------------------
MOD: <font color="#0000"><b>Boss Layout</font>
CODE: $data['layout'] = $this->url->link('design/layout', 'token=' . $this->session->data['token'], true);
LINE: 142
CODE: <li><a href="<?php echo $layout; ?>"><?php echo $text_layout; ?></a></li>
LINE: 85
----------------------------------------------------------------
MOD: <font color="#0000"><b>Boss Refine Search</font>
CODE: $this->load->language('common/menu');
LINE: 8
CODE: $_['text_system']                      = 'System';
NOT FOUND!
CODE: $_['text_system']                      = 'System';
LINE: 69
CODE: $_['text_system']                      = 'System';
LINE: 71
CODE: $_['text_system']                      = 'System';
NOT FOUND!
CODE: <li><a href="<?php echo $filter; ?>"><?php echo $text_filter; ?></a></li>
LINE: 10
----------------------------------------------------------------
MOD: <font color="#0000"><b>Creat All Layout</font>
FILE: admin/view/template/design/layout_list.tpl
CODE: <div class="pull-right"><a href="<?php echo $add; ?>" data-toggle="tooltip" title="<?php echo $button_add; ?>" class="btn btn-primary"><i class="fa fa-plus"></i></a>
LINE: 4
----------------------------------------------------------------
MOD: <font color="#0000"><b>Seo Boss Blog</font>
FILE: catalog/controller/startup/seo_url.php
CODE: if ($query->row['query'] && $url[0] != 'information_id' && $url[0] != 'manufacturer_id' && $url[0] != 'category_id' && $url[0] != 'product_id') {
LINE: 58
CODE: if ($url[0] == 'category_id') {
LINE: 30
CODE: if ($query->row['query'] && $url[0] != 'information_id' && $url[0] != 'manufacturer_id' && $url[0] != 'category_id' && $url[0] != 'product_id') {
LINE: 61
CODE: } elseif (isset($this->request->get['path'])) {
LINE: 76
CODE: $this->request->get['route'] = 'information/information';
LINE: 90
CODE: if (($data['route'] == 'product/product' && $key == 'product_id') || (($data['route'] == 'product/manufacturer/info' || $data['route'] == 'product/product') && $key == 'manufacturer_id') || ($data['route'] == 'information/information' && $key == 'information_id')) {
LINE: 111
CODE: $query = $this->db->query("SELECT * FROM " . DB_PREFIX . "url_alias WHERE `query` = 'category_id=" . (int)$category . "'");
LINE: 125
CODE: } elseif ($key == 'path') {
LINE: 121
----------------------------------------------------------------
MOD: Ajax Quick Checkout
FILE: catalog/controller/checkout/checkout.php
CODE: if (file_exists(DIR_TEMPLATE . $this->config->get('config_template') . '/template/checkout/checkout.tpl')) {
NOT FOUND!
CODE: $this->response->setOutput($this->load->view('checkout/checkout', $data));
LINE: 95
CODE: $data['header'] = $this->load->controller('common/header');
LINE: 98
FILE: system/library/cart/tax.php
CODE: final class Tax {
LINE: 8
FILE: system/library/tax.php
CODE: final class Tax {
LINE: 7
----------------------------------------------------------------
MOD: Local copy OCMOD
FILE: admin/controller/extension/installer.php
CODE: 'url'  => str_replace('&amp;', '&', $this->url->link('extension/installer/ftp', 'token=' . $this->session->data['token'],
LINE: 132
CODE: public function unzip() {
LINE: 293
----------------------------------------------------------------
